INFO:root:Processing results for Aeonix 2015
INFO:root:Processing results for Aeonix 2016
INFO:root:Processing results for Aeonix 2017
INFO:root:Processing results for Aeonix 2018
INFO:root:Processing results for Aeonix 2019
INFO:root:Processing results for Aeonix 2021
INFO:root:Processing results for Aeonix 2015
INFO:root:Processing results for Aeonix 2016
INFO:root:Processing results for Aeonix 2017
INFO:root:Processing results for Aeonix 2018
INFO:root:Processing results for Aeonix 2019
INFO:root:Processing results for Aeonix 2021
INFO:root:Processing results for Aeonix 2015
INFO:root:Processing results for Aeonix 2016
INFO:root:Processing results for Aeonix 2017
INFO:root:Processing results for Aeonix 2018
INFO:root:Processing results for Aeonix 2019
INFO:root:Processing results for Aeonix 2021
INFO:root:Processing results for Aeonix 2015
INFO:root:Processing results for Aeonix 2016
INFO:root:Processing results for Aeonix 2017
INFO:root:Processing results for Aeonix 2018
INFO:root:Processing results for Aeonix 2019
INFO:root:Found 1 rows of data for Aeonix in 2020
INFO:root:Processing results for Aeonix 2021
INFO:root:Found 9 rows of data for Aeonix in 2022
INFO:root:Found 24 rows of data for Aeonix in 2023
INFO:root:Processing results for staratlasmeta 2015
INFO:root:Processing results for staratlasmeta 2016
INFO:root:Processing results for staratlasmeta 2017
INFO:root:Processing results for staratlasmeta 2018
INFO:root:Processing results for staratlasmeta 2019
INFO:root:Found 1 rows of data for staratlasmeta in 2020
INFO:root:Processing results for Aeonix 2015
INFO:root:Processing results for Aeonix 2016
INFO:root:Processing results for Aeonix 2017
INFO:root:Processing results for Aeonix 2018
INFO:root:Processing results for Aeonix 2019
INFO:root:Found 1 rows of data for Aeonix in 2020
INFO:root:Processing results for Aeonix 2021
INFO:root:Found 9 rows of data for Aeonix in 2022
INFO:root:Found 24 rows of data for Aeonix in 2023
INFO:root:Processing results for staratlasmeta 2015
INFO:root:Processing results for staratlasmeta 2016
INFO:root:Processing results for staratlasmeta 2017
INFO:root:Processing results for staratlasmeta 2018
INFO:root:Processing results for staratlasmeta 2019
INFO:root:Found 1 rows of data for staratlasmeta in 2020
INFO:root:Processing results for staratlasmeta 2021
INFO:root:Found 9 rows of data for staratlasmeta in 2022
INFO:root:Found 24 rows of data for staratlasmeta in 2023
INFO:root:Processing results for quark-project 2015
INFO:root:Processing results for quark-project 2016
INFO:root:Processing results for quark-project 2017
INFO:root:Processing results for quark-project 2018
INFO:root:Processing results for quark-project 2019
INFO:root:Found 1 rows of data for quark-project in 2020
INFO:root:Processing results for quark-project 2021
INFO:root:Found 9 rows of data for quark-project in 2022
INFO:root:Found 24 rows of data for quark-project in 2023
INFO:root:Processing results for casinolandnetwork 2015
INFO:root:Processing results for casinolandnetwork 2016
INFO:root:Processing results for casinolandnetwork 2017
INFO:root:Processing results for casinolandnetwork 2018
INFO:root:Processing results for casinolandnetwork 2019
INFO:root:Found 1 rows of data for casinolandnetwork in 2020
INFO:root:Processing results for casinolandnetwork 2021
INFO:root:Found 9 rows of data for casinolandnetwork in 2022
INFO:root:Found 24 rows of data for casinolandnetwork in 2023
INFO:root:Processing results for 0xcregis,dethertech 2015
INFO:root:Processing results for 0xcregis,dethertech 2016
INFO:root:Processing results for 0xcregis,dethertech 2017
INFO:root:Processing results for 0xcregis,dethertech 2018
INFO:root:Processing results for 0xcregis,dethertech 2019
INFO:root:Found 1 rows of data for 0xcregis,dethertech in 2020
INFO:root:Processing results for 0xcregis,dethertech 2021
INFO:root:Found 9 rows of data for 0xcregis,dethertech in 2022
INFO:root:Found 24 rows of data for 0xcregis,dethertech in 2023
INFO:root:Processing results for KMPARDS 2015
INFO:root:Processing results for KMPARDS 2016
INFO:root:Processing results for KMPARDS 2017
INFO:root:Processing results for KMPARDS 2018
INFO:root:Processing results for KMPARDS 2019
INFO:root:Found 1 rows of data for KMPARDS in 2020
INFO:root:Processing results for KMPARDS 2021
INFO:root:Found 9 rows of data for KMPARDS in 2022
INFO:root:Found 24 rows of data for KMPARDS in 2023
INFO:root:Processing results for fr8network 2015
INFO:root:Processing results for fr8network 2016
INFO:root:Processing results for fr8network 2017
INFO:root:Processing results for fr8network 2018
INFO:root:Processing results for fr8network 2019
INFO:root:Found 1 rows of data for fr8network in 2020
INFO:root:Processing results for fr8network 2021
INFO:root:Found 9 rows of data for fr8network in 2022
INFO:root:Found 24 rows of data for fr8network in 2023
INFO:root:Processing results for Beaboutyourlife 2015
INFO:root:Processing results for Beaboutyourlife 2016
INFO:root:Processing results for Beaboutyourlife 2017
INFO:root:Processing results for Beaboutyourlife 2018
INFO:root:Processing results for Beaboutyourlife 2019
INFO:root:Processing results for Aeonix 2015
INFO:root:Processing results for Aeonix 2016
INFO:root:Processing results for Aeonix 2017
INFO:root:Processing results for Aeonix 2018
INFO:root:Processing results for Aeonix 2019
INFO:root:Found 1 rows of data for Aeonix in 2020
INFO:root:Processing results for Aeonix 2021
INFO:root:Found 9 rows of data for Aeonix in 2022
INFO:root:Found 24 rows of data for Aeonix in 2023
INFO:root:Processing results for staratlasmeta 2015
INFO:root:Processing results for staratlasmeta 2016
INFO:root:Processing results for staratlasmeta 2017
INFO:root:Processing results for staratlasmeta 2018
INFO:root:Processing results for staratlasmeta 2019
INFO:root:Found 1 rows of data for staratlasmeta in 2020
INFO:root:Processing results for staratlasmeta 2021
INFO:root:Found 9 rows of data for staratlasmeta in 2022
INFO:root:Found 24 rows of data for staratlasmeta in 2023
INFO:root:Processing results for quark-project 2015
INFO:root:Processing results for quark-project 2016
INFO:root:Processing results for quark-project 2017
INFO:root:Processing results for quark-project 2018
INFO:root:Processing results for quark-project 2019
INFO:root:Found 1 rows of data for quark-project in 2020
INFO:root:Processing results for quark-project 2021
INFO:root:Found 9 rows of data for quark-project in 2022
INFO:root:Found 24 rows of data for quark-project in 2023
INFO:root:Processing results for casinolandnetwork 2015
INFO:root:Processing results for casinolandnetwork 2016
INFO:root:Processing results for casinolandnetwork 2017
INFO:root:Processing results for casinolandnetwork 2018
INFO:root:Processing results for casinolandnetwork 2019
INFO:root:Found 1 rows of data for casinolandnetwork in 2020
INFO:root:Processing results for casinolandnetwork 2021
INFO:root:Found 9 rows of data for casinolandnetwork in 2022
INFO:root:Found 24 rows of data for casinolandnetwork in 2023
INFO:root:Processing results for 0xcregis,dethertech 2015
INFO:root:Processing results for 0xcregis,dethertech 2016
INFO:root:Processing results for 0xcregis,dethertech 2017
INFO:root:Processing results for 0xcregis,dethertech 2018
INFO:root:Processing results for 0xcregis,dethertech 2019
INFO:root:Found 1 rows of data for 0xcregis,dethertech in 2020
INFO:root:Processing results for 0xcregis,dethertech 2021
INFO:root:Found 9 rows of data for 0xcregis,dethertech in 2022
INFO:root:Found 24 rows of data for 0xcregis,dethertech in 2023
INFO:root:Processing results for KMPARDS 2015
INFO:root:Processing results for KMPARDS 2016
INFO:root:Processing results for KMPARDS 2017
INFO:root:Processing results for KMPARDS 2018
INFO:root:Processing results for KMPARDS 2019
INFO:root:Found 1 rows of data for KMPARDS in 2020
INFO:root:Processing results for KMPARDS 2021
INFO:root:Found 9 rows of data for KMPARDS in 2022
INFO:root:Found 24 rows of data for KMPARDS in 2023
INFO:root:Processing results for fr8network 2015
INFO:root:Processing results for fr8network 2016
INFO:root:Processing results for fr8network 2017
INFO:root:Processing results for fr8network 2018
INFO:root:Processing results for fr8network 2019
INFO:root:Found 1 rows of data for fr8network in 2020
INFO:root:Processing results for aeonix 2013
INFO:root:Processing results for aeonix 2014
INFO:root:Processing results for staratlasmeta 2013
INFO:root:Processing results for staratlasmeta 2014
INFO:root:Processing results for quark-project 2013
INFO:root:Processing results for quark-project 2014
INFO:root:Processing results for casinolandnetwork 2013
INFO:root:Processing results for casinolandnetwork 2014
INFO:root:Processing results for 0xcregis,dethertech 2013
INFO:root:Processing results for 0xcregis,dethertech 2014
INFO:root:Processing results for KMPARDS 2013
INFO:root:Processing results for KMPARDS 2014
INFO:root:Processing results for fr8network 2013
INFO:root:Processing results for fr8network 2014
INFO:root:Processing results for Beaboutyourlife 2013
INFO:root:Processing results for Beaboutyourlife 2014
INFO:root:Processing results for impactMarket 2013
INFO:root:Processing results for impactMarket 2014
INFO:root:Processing results for linear-protocol 2013
INFO:root:Processing results for linear-protocol 2014
INFO:root:Processing results for MindCoinTeam 2013
INFO:root:Processing results for MindCoinTeam 2014
INFO:root:Processing results for niftyx 2013
INFO:root:Processing results for niftyx 2014
INFO:root:Processing results for PanIndustrial-Org 2013
INFO:root:Processing results for PanIndustrial-Org 2014
INFO:root:Processing results for PrimLabs 2013
INFO:root:Processing results for PrimLabs 2014
INFO:root:Processing results for RubiconDeFi 2013
INFO:root:Processing results for RubiconDeFi 2014
INFO:root:Processing results for Solanascan 2013
INFO:root:Processing results for Solanascan 2014
INFO:root:Processing results for ImpeccableHQ 2013
INFO:root:Processing results for ImpeccableHQ 2014
INFO:root:Processing results for TrSoft-Inc 2013
INFO:root:Processing results for TrSoft-Inc 2014
INFO:root:Processing results for wannaswap 2013
INFO:root:Processing results for wannaswap 2014
INFO:root:Processing results for aeonix 2013
INFO:root:Found 8 rows of data for aeonix in 2014
INFO:root:Processing results for staratlasmeta 2013
INFO:root:Processing results for staratlasmeta 2014
INFO:root:Processing results for quark-project 2013
INFO:root:Processing results for quark-project 2014
INFO:root:Processing results for casinolandnetwork 2013
INFO:root:Processing results for casinolandnetwork 2014
INFO:root:Processing results for 0xcregis,dethertech 2013
INFO:root:Processing results for 0xcregis,dethertech 2014
INFO:root:Processing results for KMPARDS 2013
INFO:root:Processing results for KMPARDS 2014
INFO:root:Processing results for fr8network 2013
INFO:root:Processing results for fr8network 2014
INFO:root:Processing results for Beaboutyourlife 2013
INFO:root:Processing results for Beaboutyourlife 2014
INFO:root:Processing results for impactMarket 2013
INFO:root:Processing results for impactMarket 2014
INFO:root:Processing results for linear-protocol 2013
INFO:root:Processing results for linear-protocol 2014
INFO:root:Processing results for MindCoinTeam 2013
INFO:root:Processing results for MindCoinTeam 2014
INFO:root:Found 29 rows of data for niftyx in 2013
INFO:root:Found 12 rows of data for niftyx in 2014
INFO:root:Processing results for PanIndustrial-Org 2013
INFO:root:Processing results for PanIndustrial-Org 2014
INFO:root:Processing results for PrimLabs 2013
INFO:root:Processing results for PrimLabs 2014
INFO:root:Processing results for RubiconDeFi 2013
INFO:root:Processing results for RubiconDeFi 2014
INFO:root:Processing results for Solanascan 2013
INFO:root:Processing results for Solanascan 2014
INFO:root:Processing results for ImpeccableHQ 2013
INFO:root:Processing results for ImpeccableHQ 2014
INFO:root:Found 2 rows of data for TrSoft-Inc in 2013
INFO:root:Processing results for TrSoft-Inc 2014
INFO:root:Processing results for wannaswap 2013
INFO:root:Processing results for wannaswap 2014
INFO:root:Processing results for 0xcregis,dethertech 2015
INFO:root:Processing results for 0xcregis,dethertech 2016
INFO:root:Processing results for 0xcregis,dethertech 2017
INFO:root:Processing results for 0xcregis,dethertech 2018
INFO:root:Processing results for 0xcregis,dethertech 2019
INFO:root:Processing results for 0xcregis,dethertech 2020
INFO:root:Processing results for 0xcregis,dethertech 2021
INFO:root:Processing results for 0xcregis,dethertech 2022
INFO:root:Processing results for 0xcregis,dethertech 2023
INFO:root:Processing results for 0xcregis,dethertech 2015
INFO:root:Processing results for 0xcregis,dethertech 2016
INFO:root:Processing results for 0xcregis,dethertech 2017
INFO:root:Processing results for 0xcregis,dethertech 2018
INFO:root:Processing results for 0xcregis,dethertech 2019
INFO:root:Processing results for 0xcregis,dethertech 2020
INFO:root:Processing results for 0xcregis,dethertech 2021
INFO:root:Processing results for 0xcregis,dethertech 2022
INFO:root:Processing results for 0xcregis,dethertech 2023
INFO:root:Processing results for 0xcregis 2015
INFO:root:Processing results for 0xcregis 2016
INFO:root:Processing results for 0xcregis 2017
INFO:root:Processing results for 0xcregis 2018
INFO:root:Processing results for 0xcregis 2019
INFO:root:Processing results for 0xcregis 2020
INFO:root:Processing results for 0xcregis 2021
INFO:root:Processing results for 0xcregis 2022
INFO:root:Found 356 rows of data for 0xcregis in 2023
INFO:root:Processing results for dethertech 2015
INFO:root:Processing results for dethertech 2016
INFO:root:Found 80 rows of data for dethertech in 2017
INFO:root:Found 201 rows of data for dethertech in 2018
INFO:root:Found 114 rows of data for dethertech in 2019
INFO:root:Found 33 rows of data for dethertech in 2020
INFO:root:Found 52 rows of data for dethertech in 2021
INFO:root:Found 27 rows of data for dethertech in 2022
INFO:root:Found 6 rows of data for dethertech in 2023
INFO:root:Processing results for 0xcregis 2013
INFO:root:Processing results for 0xcregis 2014
INFO:root:Processing results for dethertech 2013
INFO:root:Processing results for dethertech 2014
INFO:root:Processing results for 0xcregis 2015
INFO:root:Processing results for 0xcregis 2016
INFO:root:Processing results for 0xcregis 2017
INFO:root:Processing results for 0xcregis 2018
INFO:root:Processing results for 0xcregis 2019
INFO:root:Processing results for 0xcregis 2020
INFO:root:Processing results for 0xcregis 2021
INFO:root:Processing results for 0xcregis 2022
INFO:root:Found 356 rows of data for 0xcregis in 2023
INFO:root:Processing results for aeonix 2013
INFO:root:Processing results for aeonix 2014
INFO:root:Found 61 rows of data for aeonix in 2015
INFO:root:Found 33 rows of data for aeonix in 2016
INFO:root:Found 570 rows of data for aeonix in 2017
INFO:root:Found 800 rows of data for aeonix in 2018
INFO:root:Found 390 rows of data for aeonix in 2019
INFO:root:Found 180 rows of data for aeonix in 2020
INFO:root:Found 273 rows of data for aeonix in 2021
INFO:root:Found 138 rows of data for aeonix in 2022
INFO:root:Found 14 rows of data for aeonix in 2023
INFO:root:Processing results for aeonix 2013
INFO:root:Processing results for aeonix 2014
INFO:root:Found 61 rows of data for aeonix in 2015
INFO:root:Found 33 rows of data for aeonix in 2016
INFO:root:Found 570 rows of data for aeonix in 2017
INFO:root:Found 800 rows of data for aeonix in 2018
INFO:root:Found 390 rows of data for aeonix in 2019
INFO:root:Found 180 rows of data for aeonix in 2020
INFO:root:Found 273 rows of data for aeonix in 2021
INFO:root:Found 138 rows of data for aeonix in 2022
INFO:root:Found 14 rows of data for aeonix in 2023
INFO:root:Processing results for aeonix 2013
INFO:root:Processing results for aeonix 2014
INFO:root:Found 61 rows of data for aeonix in 2015
INFO:root:Found 33 rows of data for aeonix in 2016
INFO:root:Found 570 rows of data for aeonix in 2017
INFO:root:Found 800 rows of data for aeonix in 2018
INFO:root:Found 390 rows of data for aeonix in 2019
INFO:root:Found 180 rows of data for aeonix in 2020
INFO:root:Found 273 rows of data for aeonix in 2021
INFO:root:Found 138 rows of data for aeonix in 2022
INFO:root:Found 14 rows of data for aeonix in 2023
INFO:root:Processing results for aeonix 2013
INFO:root:Processing results for aeonix 2014
INFO:root:Processing results for aeonix 2013
INFO:root:Processing results for aeonix 2014
INFO:root:Processing results for aeonix 2013
INFO:root:Processing results for aeonix 2014
INFO:root:Processing results for aeonix 2013
INFO:root:Processing results for aeonix 2014
INFO:root:Processing results for staratlasmeta 2015
INFO:root:Processing results for staratlasmeta 2016
INFO:root:Processing results for staratlasmeta 2017
INFO:root:Processing results for staratlasmeta 2018
INFO:root:Processing results for staratlasmeta 2019
INFO:root:Processing results for staratlasmeta 2020
INFO:root:Found 103 rows of data for staratlasmeta in 2021
INFO:root:Found 306 rows of data for staratlasmeta in 2022
INFO:root:Found 169 rows of data for staratlasmeta in 2023
INFO:root:Found 2 rows of data for quark-project in 2015
INFO:root:Found 5 rows of data for quark-project in 2016
INFO:root:Found 127 rows of data for quark-project in 2017
INFO:root:Found 51 rows of data for quark-project in 2018
INFO:root:Found 43 rows of data for quark-project in 2019
INFO:root:Found 5 rows of data for quark-project in 2020
INFO:root:Found 18 rows of data for quark-project in 2021
INFO:root:Found 2 rows of data for quark-project in 2022
INFO:root:Processing results for quark-project 2023
INFO:root:Processing results for casinolandnetwork 2015
INFO:root:Processing results for casinolandnetwork 2016
INFO:root:Processing results for casinolandnetwork 2017
INFO:root:Processing results for casinolandnetwork 2018
INFO:root:Processing results for casinolandnetwork 2019
INFO:root:Found 9 rows of data for casinolandnetwork in 2020
INFO:root:Processing results for casinolandnetwork 2021
INFO:root:Processing results for casinolandnetwork 2022
INFO:root:Processing results for casinolandnetwork 2023
INFO:root:Processing results for KMPARDS 2015
INFO:root:Processing results for KMPARDS 2016
INFO:root:Processing results for KMPARDS 2017
INFO:root:Processing results for KMPARDS 2018
INFO:root:Found 236 rows of data for KMPARDS in 2019
INFO:root:Found 1686 rows of data for KMPARDS in 2020
INFO:root:Found 246 rows of data for KMPARDS in 2021
INFO:root:Found 77 rows of data for KMPARDS in 2022
INFO:root:Found 8 rows of data for KMPARDS in 2023
INFO:root:Processing results for fr8network 2015
INFO:root:Processing results for fr8network 2016
INFO:root:Processing results for fr8network 2017
INFO:root:Found 24 rows of data for fr8network in 2018
INFO:root:Processing results for fr8network 2019
INFO:root:Found 2 rows of data for fr8network in 2020
INFO:root:Processing results for fr8network 2021
INFO:root:Processing results for fr8network 2022
INFO:root:Found 2 rows of data for fr8network in 2023
INFO:root:Processing results for Beaboutyourlife 2015
INFO:root:Processing results for Beaboutyourlife 2016
INFO:root:Processing results for Beaboutyourlife 2017
INFO:root:Processing results for Beaboutyourlife 2018
INFO:root:Processing results for Beaboutyourlife 2019
INFO:root:Processing results for Beaboutyourlife 2020
INFO:root:Processing results for Beaboutyourlife 2021
INFO:root:Found 3 rows of data for Beaboutyourlife in 2022
INFO:root:Processing results for Beaboutyourlife 2023
INFO:root:Processing results for impactMarket 2015
INFO:root:Processing results for impactMarket 2016
INFO:root:Processing results for impactMarket 2017
INFO:root:Processing results for impactMarket 2018
INFO:root:Found 1 rows of data for impactMarket in 2019
INFO:root:Found 527 rows of data for impactMarket in 2020
INFO:root:Found 1096 rows of data for impactMarket in 2021
INFO:root:Found 1741 rows of data for impactMarket in 2022
INFO:root:Found 1860 rows of data for impactMarket in 2023
INFO:root:Processing results for linear-protocol 2015
INFO:root:Processing results for linear-protocol 2016
INFO:root:Processing results for linear-protocol 2017
INFO:root:Processing results for linear-protocol 2018
INFO:root:Processing results for linear-protocol 2019
INFO:root:Processing results for linear-protocol 2020
INFO:root:Processing results for linear-protocol 2021
INFO:root:Found 175 rows of data for linear-protocol in 2022
INFO:root:Found 224 rows of data for linear-protocol in 2023
INFO:root:Found 2 rows of data for MindCoinTeam in 2015
INFO:root:Found 7 rows of data for MindCoinTeam in 2016
INFO:root:Found 1 rows of data for MindCoinTeam in 2017
INFO:root:Found 2 rows of data for MindCoinTeam in 2018
INFO:root:Processing results for MindCoinTeam 2019
INFO:root:Processing results for MindCoinTeam 2020
INFO:root:Processing results for MindCoinTeam 2021
INFO:root:Processing results for MindCoinTeam 2022
INFO:root:Processing results for MindCoinTeam 2023
INFO:root:Found 1 rows of data for niftyx in 2015
INFO:root:Processing results for niftyx 2016
INFO:root:Processing results for niftyx 2017
INFO:root:Processing results for niftyx 2018
INFO:root:Processing results for niftyx 2019
INFO:root:Processing results for niftyx 2020
INFO:root:Processing results for niftyx 2021
INFO:root:Found 1 rows of data for niftyx in 2022
INFO:root:Processing results for niftyx 2023
INFO:root:Processing results for PanIndustrial-Org 2015
INFO:root:Processing results for PanIndustrial-Org 2016
INFO:root:Processing results for PanIndustrial-Org 2017
INFO:root:Processing results for PanIndustrial-Org 2018
INFO:root:Processing results for PanIndustrial-Org 2019
INFO:root:Processing results for PanIndustrial-Org 2020
INFO:root:Processing results for PanIndustrial-Org 2021
INFO:root:Processing results for PanIndustrial-Org 2022
INFO:root:Found 73 rows of data for PanIndustrial-Org in 2023
INFO:root:Processing results for PrimLabs 2015
INFO:root:Processing results for PrimLabs 2016
INFO:root:Processing results for PrimLabs 2017
INFO:root:Processing results for PrimLabs 2018
INFO:root:Processing results for PrimLabs 2019
INFO:root:Processing results for PrimLabs 2020
INFO:root:Processing results for PrimLabs 2021
INFO:root:Found 182 rows of data for PrimLabs in 2022
INFO:root:Found 17 rows of data for PrimLabs in 2023
INFO:root:Processing results for RubiconDeFi 2015
INFO:root:Processing results for RubiconDeFi 2016
INFO:root:Processing results for RubiconDeFi 2017
INFO:root:Processing results for RubiconDeFi 2018
INFO:root:Processing results for RubiconDeFi 2019
INFO:root:Found 38 rows of data for RubiconDeFi in 2020
INFO:root:Found 152 rows of data for RubiconDeFi in 2021
INFO:root:Found 117 rows of data for RubiconDeFi in 2022
INFO:root:Found 560 rows of data for RubiconDeFi in 2023
INFO:root:Processing results for Solanascan 2015
INFO:root:Processing results for Solanascan 2016
INFO:root:Processing results for Solanascan 2017
INFO:root:Processing results for Solanascan 2018
INFO:root:Processing results for Solanascan 2019
INFO:root:Processing results for Solanascan 2020
INFO:root:Found 1 rows of data for Solanascan in 2021
INFO:root:Processing results for Solanascan 2022
INFO:root:Processing results for Solanascan 2023
INFO:root:Processing results for ImpeccableHQ 2015
INFO:root:Processing results for ImpeccableHQ 2016
INFO:root:Processing results for ImpeccableHQ 2017
INFO:root:Processing results for ImpeccableHQ 2018
INFO:root:Processing results for ImpeccableHQ 2019
INFO:root:Processing results for ImpeccableHQ 2020
INFO:root:Processing results for ImpeccableHQ 2021
INFO:root:Found 106 rows of data for ImpeccableHQ in 2022
INFO:root:Found 473 rows of data for ImpeccableHQ in 2023
INFO:root:Processing results for TrSoft-Inc 2015
INFO:root:Processing results for TrSoft-Inc 2016
INFO:root:Processing results for TrSoft-Inc 2017
INFO:root:Found 1 rows of data for TrSoft-Inc in 2018
INFO:root:Processing results for TrSoft-Inc 2019
INFO:root:Processing results for TrSoft-Inc 2020
INFO:root:Processing results for TrSoft-Inc 2021
INFO:root:Found 4 rows of data for TrSoft-Inc in 2022
INFO:root:Processing results for TrSoft-Inc 2023
INFO:root:Processing results for wannaswap 2015
INFO:root:Processing results for wannaswap 2016
INFO:root:Processing results for wannaswap 2017
INFO:root:Processing results for wannaswap 2018
INFO:root:Processing results for wannaswap 2019
INFO:root:Processing results for wannaswap 2020
INFO:root:Found 32 rows of data for wannaswap in 2021
INFO:root:Found 31 rows of data for wannaswap in 2022
INFO:root:Found 1 rows of data for wannaswap in 2023
INFO:root:Processing results for aeonix 2013
INFO:root:Found 8 rows of data for aeonix in 2014
INFO:root:Processing results for 0xcregis 2013
INFO:root:Processing results for 0xcregis 2014
INFO:root:Processing results for dethertech 2013
INFO:root:Processing results for dethertech 2014
INFO:root:Processing results for KMPARDS 2013
INFO:root:Processing results for KMPARDS 2014
INFO:root:Processing results for fr8network 2013
INFO:root:Processing results for fr8network 2014
INFO:root:Processing results for Beaboutyourlife 2013
INFO:root:Processing results for Beaboutyourlife 2014
INFO:root:Processing results for impactMarket 2013
INFO:root:Processing results for impactMarket 2014
INFO:root:Processing results for linear-protocol 2013
INFO:root:Processing results for linear-protocol 2014
INFO:root:Processing results for MindCoinTeam 2013
INFO:root:Processing results for MindCoinTeam 2014
INFO:root:Processing results for niftyx 2013
INFO:root:Processing results for niftyx 2014
INFO:root:Processing results for PanIndustrial-Org 2013
INFO:root:Processing results for PanIndustrial-Org 2014
INFO:root:Processing results for PrimLabs 2013
INFO:root:Processing results for PrimLabs 2014
INFO:root:Processing results for RubiconDeFi 2013
INFO:root:Processing results for RubiconDeFi 2014
INFO:root:Processing results for Solanascan 2013
INFO:root:Processing results for Solanascan 2014
INFO:root:Processing results for ImpeccableHQ 2013
INFO:root:Processing results for ImpeccableHQ 2014
INFO:root:Found 2 rows of data for TrSoft-Inc in 2013
INFO:root:Processing results for TrSoft-Inc 2014
INFO:root:Processing results for wannaswap 2013
INFO:root:Processing results for wannaswap 2014
INFO:root:Processing results for aeonix 2013
INFO:root:Found 8 rows of data for aeonix in 2014
INFO:root:Processing results for 0xcregis 2013
INFO:root:Processing results for 0xcregis 2014
INFO:root:Processing results for dethertech 2013
INFO:root:Processing results for dethertech 2014
INFO:root:Processing results for KMPARDS 2013
INFO:root:Processing results for KMPARDS 2014
INFO:root:Processing results for fr8network 2013
INFO:root:Processing results for fr8network 2014
INFO:root:Processing results for Beaboutyourlife 2013
INFO:root:Processing results for Beaboutyourlife 2014
INFO:root:Processing results for impactMarket 2013
INFO:root:Processing results for impactMarket 2014
INFO:root:Processing results for linear-protocol 2013
INFO:root:Processing results for linear-protocol 2014
INFO:root:Processing results for MindCoinTeam 2013
INFO:root:Processing results for MindCoinTeam 2014
INFO:root:Processing results for niftyx 2013
INFO:root:Processing results for niftyx 2014
INFO:root:Processing results for PanIndustrial-Org 2013
INFO:root:Processing results for PanIndustrial-Org 2014
INFO:root:Processing results for PrimLabs 2013
INFO:root:Processing results for PrimLabs 2014
INFO:root:Processing results for RubiconDeFi 2013
INFO:root:Processing results for RubiconDeFi 2014
INFO:root:Processing results for Solanascan 2013
INFO:root:Processing results for Solanascan 2014
INFO:root:Processing results for ImpeccableHQ 2013
INFO:root:Processing results for ImpeccableHQ 2014
INFO:root:Found 2 rows of data for TrSoft-Inc in 2013
INFO:root:Processing results for TrSoft-Inc 2014
INFO:root:Processing results for wannaswap 2013
INFO:root:Processing results for wannaswap 2014
INFO:root:Processing results for 0xcregis 2015
INFO:root:Processing results for 0xcregis 2016
INFO:root:Processing results for 0xcregis 2017
INFO:root:Processing results for 0xcregis 2018
INFO:root:Processing results for 0xcregis 2019
INFO:root:Processing results for 0xcregis 2020
INFO:root:Processing results for 0xcregis 2021
INFO:root:Processing results for 0xcregis 2022
INFO:root:Found 356 rows of data for 0xcregis in 2023
INFO:root:Processing results for dethertech 2015
INFO:root:Processing results for dethertech 2016
INFO:root:Found 80 rows of data for dethertech in 2017
INFO:root:Found 201 rows of data for dethertech in 2018
INFO:root:Found 114 rows of data for dethertech in 2019
INFO:root:Found 33 rows of data for dethertech in 2020
INFO:root:Found 52 rows of data for dethertech in 2021
INFO:root:Found 27 rows of data for dethertech in 2022
INFO:root:Found 6 rows of data for dethertech in 2023
INFO:root:Processing results for 0xcregis 2013
INFO:root:Processing results for 0xcregis 2014
INFO:root:Processing results for dethertech 2013
INFO:root:Processing results for dethertech 2014
